proguard/seeds.txt
com.nicholasnassar.imbabuilds.MainActivity
com.nicholasnassar.imbabuilds.MainActivity: MainActivity()
com.nicholasnassar.imbabuilds.R$array: int screen_timeout_time
com.nicholasnassar.imbabuilds.R$array: int screen_timeout_time_values
com.nicholasnassar.imbabuilds.R$attr: int dividerColor
com.nicholasnassar.imbabuilds.R$attr: int dividerPadding
com.nicholasnassar.imbabuilds.R$attr: int indicatorColor
com.nicholasnassar.imbabuilds.R$attr: int indicatorHeight
com.nicholasnassar.imbabuilds.R$attr: int scrollOffset
com.nicholasnassar.imbabuilds.R$attr: int shouldExpand
com.nicholasnassar.imbabuilds.R$attr: int tabBackground
com.nicholasnassar.imbabuilds.R$attr: int tabPaddingLeftRight
com.nicholasnassar.imbabuilds.R$attr: int textAllCaps
com.nicholasnassar.imbabuilds.R$attr: int underlineColor
com.nicholasnassar.imbabuilds.R$attr: int underlineHeight
com.nicholasnassar.imbabuilds.R$color: int background_tab_pressed
com.nicholasnassar.imbabuilds.R$drawable: int action_search
com.nicholasnassar.imbabuilds.R$drawable: int actionbar_bottom
com.nicholasnassar.imbabuilds.R$drawable: int background_tab
com.nicholasnassar.imbabuilds.R$drawable: int background_tabs
com.nicholasnassar.imbabuilds.R$drawable: int drawer_shadow
com.nicholasnassar.imbabuilds.R$drawable: int ic_launcher
com.nicholasnassar.imbabuilds.R$drawable: int ic_navigation_drawer
com.nicholasnassar.imbabuilds.R$drawable: int protoss
com.nicholasnassar.imbabuilds.R$drawable: int tabs_pattern
com.nicholasnassar.imbabuilds.R$drawable: int terran
com.nicholasnassar.imbabuilds.R$drawable: int zerg
com.nicholasnassar.imbabuilds.R$id: int action_settings
com.nicholasnassar.imbabuilds.R$id: int build_list
com.nicholasnassar.imbabuilds.R$id: int content_frame
com.nicholasnassar.imbabuilds.R$id: int drawer_layout
com.nicholasnassar.imbabuilds.R$id: int latest_builds
com.nicholasnassar.imbabuilds.R$id: int left_drawer
com.nicholasnassar.imbabuilds.R$id: int list_item_section_text
com.nicholasnassar.imbabuilds.R$id: int list_item_title
com.nicholasnassar.imbabuilds.R$id: int pager
com.nicholasnassar.imbabuilds.R$id: int protoss_button
com.nicholasnassar.imbabuilds.R$id: int tabs
com.nicholasnassar.imbabuilds.R$id: int terran_button
com.nicholasnassar.imbabuilds.R$id: int web_view
com.nicholasnassar.imbabuilds.R$id: int zerg_button
com.nicholasnassar.imbabuilds.R$layout: int activity_main
com.nicholasnassar.imbabuilds.R$layout: int drawer_list_item
com.nicholasnassar.imbabuilds.R$layout: int fragment_build
com.nicholasnassar.imbabuilds.R$layout: int fragment_build_list
com.nicholasnassar.imbabuilds.R$layout: int fragment_home
com.nicholasnassar.imbabuilds.R$layout: int fragment_race
com.nicholasnassar.imbabuilds.R$layout: int list_category
com.nicholasnassar.imbabuilds.R$layout: int list_item
com.nicholasnassar.imbabuilds.R$menu: int main
com.nicholasnassar.imbabuilds.R$string: int action_search
com.nicholasnassar.imbabuilds.R$string: int action_settings
com.nicholasnassar.imbabuilds.R$string: int app_name
com.nicholasnassar.imbabuilds.R$string: int drawer_close
com.nicholasnassar.imbabuilds.R$string: int drawer_open
com.nicholasnassar.imbabuilds.R$string: int protoss
com.nicholasnassar.imbabuilds.R$string: int terran
com.nicholasnassar.imbabuilds.R$string: int zerg
com.nicholasnassar.imbabuilds.R$style: int AppBaseTheme
com.nicholasnassar.imbabuilds.R$style: int AppTheme
com.nicholasnassar.imbabuilds.R$style: int SideMenuText
...
android.support.v4.app.FragmentManagerState: android.os.Parcelable$Creator CREATOR
android.support.v4.app.FragmentState: android.os.Parcelable$Creator CREATOR
android.support.v4.app.FragmentTabHost
android.support.v4.app.FragmentTabHost: FragmentTabHost(android.content.Context)
android.support.v4.app.FragmentTabHost: FragmentTabHost(android.content.Context,android.util.AttributeSet)
android.support.v4.app.FragmentTabHost: void setup()
android.support.v4.app.FragmentTabHost: void setup(android.content.Context,android.support.v4.app.FragmentManager)
android.support.v4.app.FragmentTabHost: void setup(android.content.Context,android.support.v4.app.FragmentManager,int)
android.support.v4.app.FragmentTabHost: void setOnTabChangedListener(android.widget.TabHost$OnTabChangeListener)
android.support.v4.app.FragmentTabHost$SavedState: android.os.Parcelable$Creator CREATOR
android.support.v4.content.FileProvider
android.support.v4.content.WakefulBroadcastReceiver
android.support.v4.view.PagerTabStrip
android.support.v4.view.PagerTabStrip: PagerTabStrip(android.content.Context)
android.support.v4.view.PagerTabStrip: PagerTabStrip(android.content.Context,android.util.AttributeSet)
android.support.v4.view.PagerTabStrip: void setTabIndicatorColor(int)
android.support.v4.view.PagerTabStrip: void setTabIndicatorColorResource(int)
android.support.v4.view.PagerTabStrip: void setPadding(int,int,int,int)
android.support.v4.view.PagerTabStrip: void setTextSpacing(int)
android.support.v4.view.PagerTabStrip: void setBackgroundDrawable(android.graphics.drawable.Drawable)
android.support.v4.view.PagerTabStrip: void setBackgroundColor(int)
android.support.v4.view.PagerTabStrip: void setBackgroundResource(int)
android.support.v4.view.PagerTabStrip: void setDrawFullUnderline(boolean)
android.support.v4.view.PagerTitleStrip
android.support.v4.view.PagerTitleStrip: PagerTitleStrip(android.content.Context)
android.support.v4.view.PagerTitleStrip: PagerTitleStrip(android.content.Context,android.util.AttributeSet)
android.support.v4.view.PagerTitleStrip: void setTextSpacing(int)
android.support.v4.view.PagerTitleStrip: void setNonPrimaryAlpha(float)
android.support.v4.view.PagerTitleStrip: void setTextColor(int)
android.support.v4.view.PagerTitleStrip: void setTextSize(int,float)
android.support.v4.view.PagerTitleStrip: void setGravity(int)
android.support.v4.view.ViewPager
android.support.v4.view.ViewPager: ViewPager(android.content.Context)
android.support.v4.view.ViewPager: ViewPager(android.content.Context,android.util.AttributeSet)
android.support.v4.view.ViewPager: void setAdapter(android.support.v4.view.PagerAdapter)
android.support.v4.view.ViewPager: void setCurrentItem(int)
android.support.v4.view.ViewPager: void setCurrentItem(int,boolean)
android.support.v4.view.ViewPager: void setOnPageChangeListener(android.support.v4.view.ViewPager$OnPageChangeListener)
android.support.v4.view.ViewPager: void setPageTransformer(boolean,android.support.v4.view.ViewPager$PageTransformer)
android.support.v4.view.ViewPager: void setOffscreenPageLimit(int)
android.support.v4.view.ViewPager: void setPageMargin(int)
android.support.v4.view.ViewPager: void setPageMarginDrawable(android.graphics.drawable.Drawable)
android.support.v4.view.ViewPager: void setPageMarginDrawable(int)
android.support.v4.view.ViewPager$LayoutParams
android.support.v4.view.ViewPager$LayoutParams: ViewPager$LayoutParams(android.content.Context,android.util.AttributeSet)
android.support.v4.view.ViewPager$SavedState: android.os.Parcelable$Creator CREATOR