proguard/mapping.txt
com.nicholasnassar.imbabuilds.DataRetrieverTask -> ch:
    java.lang.ref.WeakReference activity -> a
    org.json.JSONObject doInBackground$6d20c8ab() -> a
    java.lang.String downloadAndReplaceFile(java.io.File,java.lang.String) -> a
    java.lang.String getFileContents(java.io.File) -> a
    java.lang.String downloadFile(java.lang.String) -> a
    void onPostExecute(java.lang.Object) -> onPostExecute
    java.lang.Object doInBackground(java.lang.Object[]) -> doInBackground
com.nicholasnassar.imbabuilds.MainActivity -> com.nicholasnassar.imbabuilds.MainActivity:
    int lastItem -> e
    java.lang.String[] options -> f
    android.widget.ListView mDrawer -> g
    android.support.v4.widget.DrawerLayout mDrawerLayout -> h
    android.support.v4.app.ActionBarDrawerToggle mDrawerToggle -> i
    java.lang.CharSequence mTitle -> j
    java.lang.CharSequence mDrawerTitle -> k
    android.os.Handler handler -> l
    android.graphics.drawable.Drawable oldBackground -> m
    int currentColor -> n
    android.graphics.drawable.Drawable$Callback drawableCallback -> o
    void onCreate(android.os.Bundle) -> onCreate
    boolean isInLowerLevelFragment() -> e
    void changeColor(int) -> c
    void onSaveInstanceState(android.os.Bundle) -> onSaveInstanceState
    boolean onCreateOptionsMenu(android.view.Menu) -> onCreateOptionsMenu
    boolean onPrepareOptionsMenu(android.view.Menu) -> onPrepareOptionsMenu
    boolean onOptionsItemSelected(android.view.MenuItem) -> onOptionsItemSelected
    void lowerLevelFragmentBack() -> f
    void calculateColor(int) -> d
    void onBackPressed() -> onBackPressed
    void selectItem(int) -> a
    void selectItem(int,boolean) -> a
    android.support.v4.app.Fragment replaceFragment() -> g
    void setTitle(java.lang.CharSequence) -> setTitle
    void onPostCreate(android.os.Bundle) -> onPostCreate
    void onConfigurationChanged(android.content.res.Configuration) -> onConfigurationChanged
com.nicholasnassar.imbabuilds.MainActivity$1 -> ci:
    com.nicholasnassar.imbabuilds.MainActivity this$0 -> a
    void invalidateDrawable(android.graphics.drawable.Drawable) -> invalidateDrawable
    void scheduleDrawable(android.graphics.drawable.Drawable,java.lang.Runnable,long) -> scheduleDrawable
    void unscheduleDrawable(android.graphics.drawable.Drawable,java.lang.Runnable) -> unscheduleDrawable
com.nicholasnassar.imbabuilds.MainActivity$2 -> cj:
    com.nicholasnassar.imbabuilds.MainActivity this$0 -> a
    void onDrawerClosed$3c7ec8c3() -> d
    void onDrawerOpened$3c7ec8c3() -> c
com.nicholasnassar.imbabuilds.MainActivity$DrawerItemClickListener -> ck:
    com.nicholasnassar.imbabuilds.MainActivity this$0 -> a
    void onItemClick(android.widget.AdapterView,android.view.View,int,long) -> onItemClick
com.nicholasnassar.imbabuilds.Race -> cl:
    com.nicholasnassar.imbabuilds.Race PROTOSS -> a
    com.nicholasnassar.imbabuilds.Race TERRAN -> b
    com.nicholasnassar.imbabuilds.Race ZERG -> c
    int color -> d
    java.util.Map items -> e
    java.util.ArrayList latestBuilds -> f
    java.util.ArrayList guideBuilds -> g
    com.nicholasnassar.imbabuilds.Race[] ENUM$VALUES -> h
    java.lang.String toString() -> toString
    java.lang.String getFirstLetter() -> a
    int getColor() -> b
    com.nicholasnassar.imbabuilds.Race getRaceFromFirstLetter(java.lang.String) -> a
    java.lang.String getMatchup(com.nicholasnassar.imbabuilds.Race,com.nicholasnassar.imbabuilds.Race) -> a
    com.nicholasnassar.imbabuilds.Race[] getRacesFromMatchup(java.lang.String) -> b
    java.util.ArrayList getItems(com.nicholasnassar.imbabuilds.Race,com.nicholasnassar.imbabuilds.Race) -> b
    java.util.ArrayList getLatestBuilds() -> c
    java.util.ArrayList getGuideBuilds() -> d
    com.nicholasnassar.imbabuilds.Race[] values() -> e
...
android.support.v4.content.FileProvider$PathStrategy -> T:
    java.util.HashMap mRoots -> a
    java.io.File getFileForUri(android.net.Uri) -> a
    void addRoot(java.lang.String,java.io.File) -> a
android.support.v4.content.Loader -> U:
    int mId -> a
    android.support.v4.content.Loader$OnLoadCompleteListener mListener -> b
    boolean mStarted -> c
    boolean mAbandoned -> d
    boolean mReset -> e
    boolean mContentChanged -> f
    boolean mProcessingChange -> g
    void unregisterListener(android.support.v4.content.Loader$OnLoadCompleteListener) -> a
    java.lang.String toString() -> toString
android.support.v4.content.Loader$OnLoadCompleteListener -> V:
android.support.v4.content.WakefulBroadcastReceiver -> android.support.v4.content.WakefulBroadcastReceiver:
android.support.v4.os.ParcelableCompat$CompatCreator -> W:
    android.support.v4.os.ParcelableCompatCreatorCallbacks mCallbacks -> a
    java.lang.Object createFromParcel(android.os.Parcel) -> createFromParcel
    java.lang.Object[] newArray(int) -> newArray
android.support.v4.os.ParcelableCompatCreatorCallbacks -> X:
    java.lang.Object createFromParcel(android.os.Parcel,java.lang.ClassLoader) -> a
    java.lang.Object[] newArray(int) -> a
android.support.v4.os.ParcelableCompatCreatorHoneycombMR2 -> Y:
    android.support.v4.os.ParcelableCompatCreatorCallbacks mCallbacks -> a
    java.lang.Object createFromParcel(android.os.Parcel) -> createFromParcel
    java.lang.Object createFromParcel(android.os.Parcel,java.lang.ClassLoader) -> createFromParcel
    java.lang.Object[] newArray(int) -> newArray
android.support.v4.util.LogWriter -> Z:
    java.lang.String mTag -> a
    java.lang.StringBuilder mBuilder -> b
    void close() -> close
    void flush() -> flush
    void write(char[],int,int) -> write
    void flushBuilder() -> a
android.support.v4.util.SparseArrayCompat -> aa:
    java.lang.Object DELETED -> a
    boolean mGarbage -> b
    int[] mKeys -> c
    java.lang.Object[] mValues -> d
    int mSize -> e
    int size() -> a
    int keyAt(int) -> a
    java.lang.Object valueAt(int) -> b
    void clear() -> b
android.support.v4.view.AccessibilityDelegateCompat -> ab:
    android.support.v4.view.AccessibilityDelegateCompat$AccessibilityDelegateImpl IMPL -> a
    java.lang.Object DEFAULT_DELEGATE -> b
    java.lang.Object mBridge -> c
    java.lang.Object getBridge() -> a
    void sendAccessibilityEvent(android.view.View,int) -> a
    void sendAccessibilityEventUnchecked(android.view.View,android.view.accessibility.AccessibilityEvent) -> a
    boolean dispatchPopulateAccessibilityEvent(android.view.View,android.view.accessibility.AccessibilityEvent) -> b
    void onPopulateAccessibilityEvent(android.view.View,android.view.accessibility.AccessibilityEvent) -> c
    void onInitializeAccessibilityEvent(android.view.View,android.view.accessibility.AccessibilityEvent) -> d
    void onInitializeAccessibilityNodeInfo(android.view.View,android.support.v4.view.accessibility.AccessibilityNodeInfoCompat) -> a
    boolean onRequestSendAccessibilityEvent(android.view.ViewGroup,android.view.View,android.view.accessibility.AccessibilityEvent) -> a
    android.support.v4.view.accessibility.AccessibilityNodeProviderCompat getAccessibilityNodeProvider(android.view.View) -> a
    boolean performAccessibilityAction(android.view.View,int,android.os.Bundle) -> a