proguard/usage.txt
com.nicholasnassar.imbabuilds.BuildConfig
com.nicholasnassar.imbabuilds.DataRetrieverTask:
    private static final java.lang.String DATA_URL
    private static final java.lang.String VERSION_URL
com.nicholasnassar.imbabuilds.MainActivity:
    212:212:public org.json.JSONObject getJSONData()
com.nicholasnassar.imbabuilds.R
com.nicholasnassar.imbabuilds.R$array
com.nicholasnassar.imbabuilds.R$attr
com.nicholasnassar.imbabuilds.R$color
com.nicholasnassar.imbabuilds.R$drawable
com.nicholasnassar.imbabuilds.R$id
com.nicholasnassar.imbabuilds.R$layout
com.nicholasnassar.imbabuilds.R$menu
com.nicholasnassar.imbabuilds.R$string
com.nicholasnassar.imbabuilds.R$style
com.nicholasnassar.imbabuilds.R$styleable
com.nicholasnassar.imbabuilds.R$xml
com.nicholasnassar.imbabuilds.Race:
    32:38:public static com.nicholasnassar.imbabuilds.Race getRace(java.lang.String)
    58:58:public int getDrawable()
    1:1:public static com.nicholasnassar.imbabuilds.Race valueOf(java.lang.String)
com.nicholasnassar.imbabuilds.fragments.BuildFragment:
    87:87:public boolean disableDrawerIndicator()
com.nicholasnassar.imbabuilds.fragments.MatchupSectionFragment:
    public static final java.lang.String ARG_SECTION_RACE
    public static final java.lang.String ARG_SECTION_OPPONENT
com.nicholasnassar.imbabuilds.parser.GuidesParser:
    1:1:public bridge synthetic com.nicholasnassar.imbabuilds.parser.JSONParser parse(org.json.JSONArray)
com.nicholasnassar.imbabuilds.parser.JSONParser:
    18:18:public com.nicholasnassar.imbabuilds.parser.JSONParser parse(org.json.JSONArray)
com.nicholasnassar.imbabuilds.parser.LatestBuildsParser:
    1:1:public bridge synthetic com.nicholasnassar.imbabuilds.parser.JSONParser parse(org.json.JSONArray)
...
android.support.v4.view.ViewCompatJellybeanMr1:
    25:25:ViewCompatJellybeanMr1()
    28:28:public static int getLabelFor(android.view.View)
    32:33:public static void setLabelFor(android.view.View,int)
    44:45:public static void setLayoutDirection(android.view.View,int)
android.support.v4.view.ViewConfigurationCompat:
    25:46:public ViewConfigurationCompat()
android.support.v4.view.ViewConfigurationCompatFroyo:
    24:24:ViewConfigurationCompatFroyo()
android.support.v4.view.ViewGroupCompat:
    78:80:private ViewGroupCompat()
    99:99:public static boolean onRequestSendAccessibilityEvent(android.view.ViewGroup,android.view.View,android.view.accessibility.AccessibilityEvent)
android.support.v4.view.ViewGroupCompat$ViewGroupCompatIcsImpl:
    59:59:public boolean onRequestSendAccessibilityEvent(android.view.ViewGroup,android.view.View,android.view.accessibility.AccessibilityEvent)
android.support.v4.view.ViewGroupCompat$ViewGroupCompatImpl:
    public abstract boolean onRequestSendAccessibilityEvent(android.view.ViewGroup,android.view.View,android.view.accessibility.AccessibilityEvent)
android.support.v4.view.ViewGroupCompat$ViewGroupCompatStubImpl:
    40:40:public boolean onRequestSendAccessibilityEvent(android.view.ViewGroup,android.view.View,android.view.accessibility.AccessibilityEvent)
android.support.v4.view.ViewGroupCompatHC:
    23:24:private ViewGroupCompatHC()
android.support.v4.view.ViewGroupCompatIcs
android.support.v4.view.ViewPager:
    private static final java.lang.String TAG
    private static final boolean DEBUG
    private static final boolean USE_CACHE
    private static final int DEFAULT_OFFSCREEN_PAGES
    private static final int MAX_SETTLE_DURATION
    private static final int MIN_DISTANCE_FOR_FLING
    private static final int DEFAULT_GUTTER_SIZE
    private static final int MIN_FLING_VELOCITY
    private boolean mIgnoreGutter
    private static final int INVALID_POINTER
    private static final int CLOSE_ENOUGH
    private long mFakeDragBeginTime
    private static final int DRAW_ORDER_DEFAULT
    private static final int DRAW_ORDER_FORWARD
    private static final int DRAW_ORDER_REVERSE
    public static final int SCROLL_STATE_IDLE
    public static final int SCROLL_STATE_DRAGGING
    public static final int SCROLL_STATE_SETTLING
    667:667:public int getOffscreenPageLimit()
    723:723:public int getPageMargin()
    778:779:void smoothScrollTo(int,int)
    2259:2275:public boolean beginFakeDrag()
    2285:2306:public void endFakeDrag()
    2316:2354:public void fakeDragBy(float)
    2366:2366:public boolean isFakeDragging()
android.support.v4.view.ViewPager$SimpleOnPageChangeListener
android.support.v4.view.ViewParentCompat
android.support.v4.view.ViewParentCompat$ViewParentCompatICSImpl
android.support.v4.view.ViewParentCompat$ViewParentCompatImpl
android.support.v4.view.ViewParentCompat$ViewParentCompatStubImpl
android.support.v4.view.ViewParentCompatICS
android.support.v4.view.WindowCompat
android.support.v4.view.accessibility.AccessibilityEventCompat
android.support.v4.view.accessibility.AccessibilityEventCompat$AccessibilityEventIcsImpl
android.support.v4.view.accessibility.AccessibilityEventCompat$AccessibilityEventStubImpl
android.support.v4.view.accessibility.AccessibilityEventCompat$AccessibilityEventVersionImpl
android.support.v4.view.accessibility.AccessibilityEventCompatIcs
android.support.v4.view.accessibility.AccessibilityManagerCompat
android.support.v4.view.accessibility.AccessibilityManagerCompat$AccessibilityManagerIcsImpl
android.support.v4.view.accessibility.AccessibilityManagerCompat$AccessibilityManagerIcsImpl$1
android.support.v4.view.accessibility.AccessibilityManagerCompat$AccessibilityManagerStubImpl
android.support.v4.view.accessibility.AccessibilityManagerCompat$AccessibilityManagerVersionImpl
android.support.v4.view.accessibility.AccessibilityManagerCompat$AccessibilityStateChangeListenerCompat